C51 COMPILER V9.60.0.0   COMMONCATGODE                                                     08/24/2020 09:49:21 PAGE 1   


C51 COMPILER V9.60.0.0, COMPILATION OF MODULE COMMONCATGODE
OBJECT MODULE PLACED IN .\Objects\CommonCatgode.obj
COMPILER INVOKED BY: C:\Keil_v5\C51\BIN\C51.EXE CommonCatgode.c OPTIMIZE(8,SPEED) BROWSE DEBUG OBJECTEXTEND PRINT(.\List
                    -ings\CommonCatgode.lst) TABS(2) OBJECT(.\Objects\CommonCatgode.obj)

line level    source

   1          #include<regx51.h>
   2          #define seg P3
   3          void delay(){
   4   1        int i,j;
   5   1        for(i=0;i<1000;i++)
   6   1        for(j=0;j<100;j++);
   7   1      }
   8          
   9          void main(){
  10   1        while(1){
  11   2          seg=0x3f;
  12   2          delay();
  13   2          seg=0x06;
  14   2          delay();
  15   2          seg=0x5b;
  16   2          delay();
  17   2          seg=0x4f;
  18   2          delay();
  19   2          seg=0x66;
  20   2          delay();
  21   2          seg=0x6d;
  22   2          delay();
  23   2          seg=0xfd;
  24   2          delay();
  25   2          seg=0x07;
  26   2          delay();
  27   2          seg=0x7f;
  28   2          delay();
  29   2          seg=0x7f;
  30   2          delay();
  31   2          seg=0x6f;
  32   2          delay();
  33   2        }
  34   1      }


MODULE INFORMATION:   STATIC OVERLAYABLE
   CODE SIZE        =     97    ----
   CONSTANT SIZE    =   ----    ----
   XDATA SIZE       =   ----    ----
   PDATA SIZE       =   ----    ----
   DATA SIZE        =   ----    ----
   IDATA SIZE       =   ----    ----
   BIT SIZE         =   ----    ----
END OF MODULE INFORMATION.


C51 COMPILATION COMPLETE.  0 WARNING(S),  0 ERROR(S)
