C51 COMPILER V9.60.0.0   SEC_TRAFFICLIGHTS                                                 08/26/2020 08:35:52 PAGE 1   


C51 COMPILER V9.60.0.0, COMPILATION OF MODULE SEC_TRAFFICLIGHTS
OBJECT MODULE PLACED IN .\Objects\sec_TrafficLights.obj
COMPILER INVOKED BY: C:\Keil_v5\C51\BIN\C51.EXE sec_TrafficLights.c OPTIMIZE(8,SPEED) BROWSE DEBUG OBJECTEXTEND PRINT(.\
                    -Listings\sec_TrafficLights.lst) TABS(2) OBJECT(.\Objects\sec_TrafficLights.obj)

line level    source

   1          #include<regx51.h>
   2          
   3          #define seg1 P2
   4          #define seg2 P3
   5          #define T_lights P1
   6          
   7          void Time_delay(unsigned int n){
   8   1          unsigned char seg_data[10]={0xc0,0xf9,0xa4,0xb0,0x99,0x92,0x82,0xf8,0x80,0x90};//(0,1,2,3,4,5,6,7,8,9)
   9   1          int i,j;
  10   1          int a,b;
  11   1          for(i=n;i>=0;i--)
  12   1          {
  13   2            seg1=seg_data[i];
  14   2            for(j=9;j>=0;j--)
  15   2            {
  16   3              seg2=seg_data[j];
  17   3              for(a=0;a<1000;a++)
  18   3              for(b=0;b<50;b++);
  19   3            }
  20   2          }
  21   1      }
  22          
  23          int main(void){
  24   1        P1=0;
  25   1        while(1){
  26   2          T_lights=0x01;
  27   2          Time_delay(2);
  28   2          T_lights=0x02;
  29   2          Time_delay(1);
  30   2          T_lights=0x04;
  31   2          Time_delay(0);
  32   2        }
  33   1      }


MODULE INFORMATION:   STATIC OVERLAYABLE
   CODE SIZE        =    132    ----
   CONSTANT SIZE    =     10    ----
   XDATA SIZE       =   ----    ----
   PDATA SIZE       =   ----    ----
   DATA SIZE        =   ----      12
   IDATA SIZE       =   ----    ----
   BIT SIZE         =   ----    ----
END OF MODULE INFORMATION.


C51 COMPILATION COMPLETE.  0 WARNING(S),  0 ERROR(S)
