C51 COMPILER V9.60.0.0   LED_PORT                                                          08/19/2020 04:23:55 PAGE 1   


C51 COMPILER V9.60.0.0, COMPILATION OF MODULE LED_PORT
OBJECT MODULE PLACED IN .\Objects\led_port.obj
COMPILER INVOKED BY: C:\Keil_v5\C51\BIN\C51.EXE led_port.c OPTIMIZE(8,SPEED) BROWSE DEBUG OBJECTEXTEND PRINT(.\Listings\
                    -led_port.lst) TABS(2) OBJECT(.\Objects\led_port.obj)

line level    source

   1          #include<regx51.h>
   2          #define leds P2
   3          #define leds2 P1
   4          void delay(){
   5   1        int i,j;
   6   1        for(i=0;i<1000;i++)
   7   1        for(j=0;j<50;j++);
   8   1      }
   9          void main(){
  10   1        while(1){
  11   2          leds=0xff;
  12   2          leds2=0x00;
  13   2          delay();
  14   2          leds=0x00;
  15   2          leds2=0xff;
  16   2          delay();
  17   2          leds=0x0f;
  18   2          leds2=0xf0;
  19   2          delay();
  20   2          leds=0xf0;
  21   2          leds2=0x0f;
  22   2          delay();
  23   2          leds=0x55;
  24   2          leds2=0xaa;
  25   2          delay();
  26   2          leds=0xaa;
  27   2          leds2=0x55;
  28   2          delay();
  29   2        }
  30   1      }


MODULE INFORMATION:   STATIC OVERLAYABLE
   CODE SIZE        =     85    ----
   CONSTANT SIZE    =   ----    ----
   XDATA SIZE       =   ----    ----
   PDATA SIZE       =   ----    ----
   DATA SIZE        =   ----    ----
   IDATA SIZE       =   ----    ----
   BIT SIZE         =   ----    ----
END OF MODULE INFORMATION.


C51 COMPILATION COMPLETE.  0 WARNING(S),  0 ERROR(S)
