C51 COMPILER V9.60.0.0   LED_SHIFT                                                         08/20/2020 09:18:50 PAGE 1   


C51 COMPILER V9.60.0.0, COMPILATION OF MODULE LED_SHIFT
OBJECT MODULE PLACED IN .\Objects\led_shift.obj
COMPILER INVOKED BY: C:\Keil_v5\C51\BIN\C51.EXE led_shift.c OPTIMIZE(8,SPEED) BROWSE DEBUG OBJECTEXTEND PRINT(.\Listings
                    -\led_shift.lst) TABS(2) OBJECT(.\Objects\led_shift.obj)

line level    source

   1          #include<regx51.h>
   2          #define led P2
   3          
   4          void delay(){
   5   1        int i,j;
   6   1        for(i=0;i<100;i++)
   7   1        for(j=0;j<50;j++);
   8   1      }
   9          
  10          void main(){
  11   1        int x=0x00;
  12   1        while(1){
  13   2          for(x=0x01;x<=0x80;x=x<<1){
  14   3            led=x;
  15   3            delay();
  16   3          }
  17   2          for(x=0x80;x>=0x01;x=x>>1){
  18   3            led=x;
  19   3            delay();
  20   3          }
  21   2        }
  22   1      }


MODULE INFORMATION:   STATIC OVERLAYABLE
   CODE SIZE        =     88    ----
   CONSTANT SIZE    =   ----    ----
   XDATA SIZE       =   ----    ----
   PDATA SIZE       =   ----    ----
   DATA SIZE        =   ----    ----
   IDATA SIZE       =   ----    ----
   BIT SIZE         =   ----    ----
END OF MODULE INFORMATION.


C51 COMPILATION COMPLETE.  0 WARNING(S),  0 ERROR(S)
