C51 COMPILER V9.60.0.0   SWITCH_SAMPLE                                                     08/20/2020 09:37:03 PAGE 1   


C51 COMPILER V9.60.0.0, COMPILATION OF MODULE SWITCH_SAMPLE
OBJECT MODULE PLACED IN .\Objects\switch_sample.obj
COMPILER INVOKED BY: C:\Keil_v5\C51\BIN\C51.EXE switch_sample.c OPTIMIZE(8,SPEED) BROWSE DEBUG OBJECTEXTEND PRINT(.\List
                    -ings\switch_sample.lst) TABS(2) OBJECT(.\Objects\switch_sample.obj)

line level    source

   1          #include<regx51.h>
   2          sbit led=P2^0;
   3          sbit sw=P1^0;
   4          void delay(){
   5   1        int i,j;
   6   1        for(i=0;i<1000;i++)
   7   1        for(j=0;j<50;j++);
   8   1      }
   9          void main(){
  10   1        if (sw==0){
  11   2          led=1;
  12   2          delay();
  13   2        }
  14   1        else{
  15   2        led=0;
  16   2        delay();
  17   2        }
  18   1      }


MODULE INFORMATION:   STATIC OVERLAYABLE
   CODE SIZE        =     42    ----
   CONSTANT SIZE    =   ----    ----
   XDATA SIZE       =   ----    ----
   PDATA SIZE       =   ----    ----
   DATA SIZE        =   ----    ----
   IDATA SIZE       =   ----    ----
   BIT SIZE         =   ----    ----
END OF MODULE INFORMATION.


C51 COMPILATION COMPLETE.  0 WARNING(S),  0 ERROR(S)
