C51 COMPILER V9.60.0.0   TRAFFIC_LIGHTS                                                    08/23/2020 09:29:50 PAGE 1   


C51 COMPILER V9.60.0.0, COMPILATION OF MODULE TRAFFIC_LIGHTS
OBJECT MODULE PLACED IN .\Objects\Traffic_lights.obj
COMPILER INVOKED BY: C:\Keil_v5\C51\BIN\C51.EXE Traffic_lights.c OPTIMIZE(8,SPEED) BROWSE DEBUG OBJECTEXTEND PRINT(.\Lis
                    -tings\Traffic_lights.lst) TABS(2) OBJECT(.\Objects\Traffic_lights.obj)

line level    source

   1          #include<regx51.h>
   2          #define T_lights P2
   3          void delay(){
   4   1        int i,j;
   5   1        for(i=0;i<1000;i++);
   6   1      }
*** WARNING C280 IN LINE 4 OF Traffic_lights.c: 'j': unreferenced local variable
   7          int main(void){
   8   1        while(1){
   9   2        T_lights=0x01;
  10   2        delay();
  11   2        T_lights=0x02;
  12   2        delay();
  13   2        T_lights=0x04;
  14   2        delay();
  15   2        }
  16   1      }


MODULE INFORMATION:   STATIC OVERLAYABLE
   CODE SIZE        =     35    ----
   CONSTANT SIZE    =   ----    ----
   XDATA SIZE       =   ----    ----
   PDATA SIZE       =   ----    ----
   DATA SIZE        =   ----       2
   IDATA SIZE       =   ----    ----
   BIT SIZE         =   ----    ----
END OF MODULE INFORMATION.


C51 COMPILATION COMPLETE.  1 WARNING(S),  0 ERROR(S)
