C51 COMPILER V9.60.0.0   KEYPAD_7SEG                                                       08/25/2020 15:02:27 PAGE 1   


C51 COMPILER V9.60.0.0, COMPILATION OF MODULE KEYPAD_7SEG
OBJECT MODULE PLACED IN .\Objects\keypad_7Seg.obj
COMPILER INVOKED BY: C:\Keil_v5\C51\BIN\C51.EXE keypad_7Seg.c OPTIMIZE(8,SPEED) BROWSE DEBUG OBJECTEXTEND PRINT(.\Listin
                    -gs\keypad_7Seg.lst) TABS(2) OBJECT(.\Objects\keypad_7Seg.obj)

line level    source

   1          #include<regx51.h>
   2          #define seg P2
   3          sbit c1=P3^0;
   4          sbit c2=P3^1;
   5          sbit c3=P3^2;
   6          sbit r1=P3^3;
   7          sbit r2=P3^4;
   8          sbit r3=P3^5;
   9          sbit r4=P3^6;
  10          //void keypad(unsigned char key1,unsigned char key2,unsigned char key3){
  11          void keypad(key1,key2,key3,key4){
  12   1        if(r1==0)
  13   1          seg=key1;
  14   1        else if(r2==0)
  15   1          seg=key2;
  16   1        else if(r3==0)
  17   1          seg=key3;
  18   1        else if(r4==0)
  19   1          seg=key4;
  20   1      }
  21          
  22          int main(void){
  23   1        while(1){
  24   2          c1=0;c2=1;c3=1;
  25   2          keypad(0xf9,0x99,0xf8,0x00);
  26   2          c1=1;c2=0;c3=1;
  27   2          keypad(0xA4,0x92,0x80,0xc0);
  28   2          c1=1;c2=1;c3=0;
  29   2          keypad(0xb0,0x82,0x90,0x11);
  30   2        }
  31   1      }


MODULE INFORMATION:   STATIC OVERLAYABLE
   CODE SIZE        =     90    ----
   CONSTANT SIZE    =   ----    ----
   XDATA SIZE       =   ----    ----
   PDATA SIZE       =   ----    ----
   DATA SIZE        =   ----       8
   IDATA SIZE       =   ----    ----
   BIT SIZE         =   ----    ----
END OF MODULE INFORMATION.


C51 COMPILATION COMPLETE.  0 WARNING(S),  0 ERROR(S)
